16-Jun-24 23:50:06 - INFO - Log file log/16-Jun-24_23:50:06.log created
16-Jun-24 23:50:06 - INFO - Checking if current daily csv exists...
16-Jun-24 23:50:06 - INFO - output/16-Jun-24.csv ain't exist
16-Jun-24 23:50:06 - INFO - Creating daily csv file...
16-Jun-24 23:50:06 - INFO - output/16-Jun-24.csv created
16-Jun-24 23:50:06 - WARNING - Python-dotenv could not parse statement starting at line 4
16-Jun-24 23:50:06 - WARNING - Python-dotenv could not parse statement starting at line 5
16-Jun-24 23:50:06 - INFO - Logging in to LinkedIn as alpharomeooo68@gmail.com...
16-Jun-24 23:50:23 - INFO - Loading page 1 of 7 186 results...
16-Jun-24 23:52:23 - INFO - Page 1 of 7 loaded 
16-Jun-24 23:52:27 - INFO - Loading page 2 of 7 186 results...
16-Jun-24 23:54:31 - INFO - Page 2 of 7 loaded 
16-Jun-24 23:54:35 - INFO - Loading page 3 of 7 186 results...
16-Jun-24 23:56:40 - INFO - Page 3 of 7 loaded 
16-Jun-24 23:56:42 - INFO - Loading page 4 of 7 186 results...
16-Jun-24 23:59:16 - INFO - Page 4 of 7 loaded 
16-Jun-24 23:59:19 - INFO - Loading page 5 of 7 186 results...
17-Jun-24 00:01:19 - INFO - Page 5 of 7 loaded 
17-Jun-24 00:01:23 - INFO - Loading page 6 of 7 186 results...
17-Jun-24 00:03:23 - INFO - Page 6 of 7 loaded 
17-Jun-24 00:03:26 - INFO - Loading page 7 of 7 186 results...
17-Jun-24 00:05:27 - INFO - Page 7 of 7 loaded 
17-Jun-24 00:05:30 - INFO - Loading page 8 of 7 186 results...
17-Jun-24 00:08:38 - INFO - Page 8 of 7 loaded 
17-Jun-24 00:08:38 - INFO - LinkedIn data scraping complete with 0 first and 0 second exceptions
17-Jun-24 00:08:38 - INFO - Regard all further alarms...
