17-Jun-24 13:35:48 - INFO - Log file log/17-Jun-24_13:35:48.log created
17-Jun-24 13:35:48 - INFO - Checking if current daily csv exists...
17-Jun-24 13:35:48 - INFO - output/17-Jun-24.csv deleted
17-Jun-24 13:35:48 - INFO - Creating daily csv file...
17-Jun-24 13:35:48 - INFO - output/17-Jun-24.csv created
17-Jun-24 13:35:48 - WARNING - Python-dotenv could not parse statement starting at line 4
17-Jun-24 13:35:48 - WARNING - Python-dotenv could not parse statement starting at line 5
17-Jun-24 13:35:48 - INFO - Logging in to LinkedIn as alpharomeooo68@gmail.com...
17-Jun-24 13:36:00 - INFO - Loading page 1 of 7 184 results...
17-Jun-24 13:38:24 - INFO - Page 1 of 7 loaded 
17-Jun-24 13:38:28 - INFO - Loading page 2 of 7 184 results...
17-Jun-24 13:40:33 - INFO - Page 2 of 7 loaded 
17-Jun-24 13:40:36 - INFO - Loading page 3 of 7 184 results...
17-Jun-24 13:42:31 - INFO - Page 3 of 7 loaded 
17-Jun-24 13:42:35 - INFO - Loading page 4 of 7 184 results...
17-Jun-24 13:45:25 - INFO - Page 4 of 7 loaded 
17-Jun-24 13:45:28 - INFO - Loading page 5 of 7 184 results...
17-Jun-24 13:54:31 - INFO - Page 5 of 7 loaded 
17-Jun-24 13:54:35 - INFO - Loading page 6 of 7 184 results...
17-Jun-24 14:03:23 - INFO - Page 6 of 7 loaded 
17-Jun-24 14:03:27 - INFO - Loading page 7 of 7 184 results...
17-Jun-24 14:13:55 - INFO - Page 7 of 7 loaded 
17-Jun-24 14:13:59 - INFO - Loading page 8 of 7 184 results...
17-Jun-24 14:16:30 - INFO - Page 8 of 7 loaded 
17-Jun-24 14:16:30 - INFO - LinkedIn data scraping complete with 0 first and 0 second exceptions
17-Jun-24 14:16:30 - INFO - Regard all further alarms...
