19-Jun-24 15:15:38 - INFO - Log file log/19-Jun-24_15:15:38.log created
19-Jun-24 15:15:38 - INFO - Checking if current daily csv exists...
19-Jun-24 15:15:38 - INFO - output/19-Jun-24.csv deleted
19-Jun-24 15:15:38 - INFO - Creating daily csv file...
19-Jun-24 15:15:38 - INFO - output/19-Jun-24.csv created
19-Jun-24 15:15:38 - WARNING - Python-dotenv could not parse statement starting at line 4
19-Jun-24 15:15:38 - WARNING - Python-dotenv could not parse statement starting at line 5
19-Jun-24 15:15:38 - INFO - Logging in to LinkedIn as alpharomeooo68@gmail.com...
19-Jun-24 15:15:51 - INFO - Loading page 1 of 10 250 results...
19-Jun-24 15:16:39 - INFO - Page 1 of 10 loaded 
19-Jun-24 15:16:43 - INFO - Loading page 2 of 10 250 results...
19-Jun-24 15:17:28 - INFO - Page 2 of 10 loaded 
19-Jun-24 15:17:32 - INFO - Loading page 3 of 10 250 results...
19-Jun-24 15:18:17 - INFO - Page 3 of 10 loaded 
19-Jun-24 15:18:21 - INFO - Loading page 4 of 10 250 results...
19-Jun-24 15:19:13 - INFO - Page 4 of 10 loaded 
19-Jun-24 15:19:15 - INFO - Loading page 5 of 10 250 results...
19-Jun-24 15:20:09 - INFO - Page 5 of 10 loaded 
19-Jun-24 15:20:12 - INFO - Loading page 6 of 10 248 results...
19-Jun-24 15:21:13 - INFO - Page 6 of 10 loaded 
19-Jun-24 15:21:17 - INFO - Loading page 7 of 10 247 results...
19-Jun-24 15:22:08 - INFO - Page 7 of 10 loaded 
19-Jun-24 15:22:12 - INFO - Loading page 8 of 10 247 results...
19-Jun-24 15:23:01 - INFO - Page 8 of 10 loaded 
19-Jun-24 15:23:05 - INFO - Loading page 9 of 10 256 results...
19-Jun-24 15:23:54 - INFO - Page 9 of 10 loaded 
19-Jun-24 15:23:56 - INFO - Loading page 10 of 10 256 results...
19-Jun-24 15:24:48 - INFO - Page 10 of 10 loaded 
19-Jun-24 15:24:52 - INFO - Loading page 11 of 10 256 results...
19-Jun-24 15:25:09 - INFO - Page 11 of 10 loaded 
19-Jun-24 15:25:10 - INFO - LinkedIn data scraping complete with 0 first and 0 second exceptions
19-Jun-24 15:25:10 - INFO - Regard all further alarms...
